mode: atomic
github.com/samiam2013/learnGo/elementary/exercise06computeSumOrProduct.go:12.22,17.16 5 2
github.com/samiam2013/learnGo/elementary/exercise06computeSumOrProduct.go:20.2,21.6 2 2
github.com/samiam2013/learnGo/elementary/exercise06computeSumOrProduct.go:32.2,32.62 1 2
github.com/samiam2013/learnGo/elementary/exercise06computeSumOrProduct.go:17.16,19.3 1 0
github.com/samiam2013/learnGo/elementary/exercise06computeSumOrProduct.go:21.6,24.42 3 2
github.com/samiam2013/learnGo/elementary/exercise06computeSumOrProduct.go:24.42,26.9 2 1
github.com/samiam2013/learnGo/elementary/exercise06computeSumOrProduct.go:27.9,27.49 1 1
github.com/samiam2013/learnGo/elementary/exercise06computeSumOrProduct.go:27.49,29.9 2 1
github.com/samiam2013/learnGo/elementary/exercise06computeSumOrProduct.go:35.35,37.16 2 1
github.com/samiam2013/learnGo/elementary/exercise06computeSumOrProduct.go:42.2,42.16 1 1
github.com/samiam2013/learnGo/elementary/exercise06computeSumOrProduct.go:37.16,41.3 2 6
github.com/samiam2013/learnGo/elementary/exercise07multiplicationTable.go:8.19,9.33 1 0
github.com/samiam2013/learnGo/elementary/exercise07multiplicationTable.go:9.33,10.43 1 0
github.com/samiam2013/learnGo/elementary/exercise07multiplicationTable.go:14.3,14.18 1 0
github.com/samiam2013/learnGo/elementary/exercise07multiplicationTable.go:10.43,13.4 2 0
github.com/samiam2013/learnGo/elementary/exercise09guessSecretNumber.go:15.19,22.16 7 0
github.com/samiam2013/learnGo/elementary/exercise09guessSecretNumber.go:25.2,25.23 1 0
github.com/samiam2013/learnGo/elementary/exercise09guessSecretNumber.go:42.2,42.69 1 0
github.com/samiam2013/learnGo/elementary/exercise09guessSecretNumber.go:22.16,24.3 1 0
github.com/samiam2013/learnGo/elementary/exercise09guessSecretNumber.go:25.23,26.22 1 0
github.com/samiam2013/learnGo/elementary/exercise09guessSecretNumber.go:33.3,35.17 3 0
github.com/samiam2013/learnGo/elementary/exercise09guessSecretNumber.go:38.3,38.30 1 0
github.com/samiam2013/learnGo/elementary/exercise09guessSecretNumber.go:26.22,28.4 1 0
github.com/samiam2013/learnGo/elementary/exercise09guessSecretNumber.go:28.9,28.29 1 0
github.com/samiam2013/learnGo/elementary/exercise09guessSecretNumber.go:28.29,30.4 1 0
github.com/samiam2013/learnGo/elementary/exercise09guessSecretNumber.go:30.9,31.9 1 0
github.com/samiam2013/learnGo/elementary/exercise09guessSecretNumber.go:35.17,37.4 1 0
github.com/samiam2013/learnGo/elementary/exercise09guessSecretNumber.go:38.30,40.4 1 0
github.com/samiam2013/learnGo/elementary/exercise09guessSecretNumber.go:45.46,46.33 1 0
github.com/samiam2013/learnGo/elementary/exercise09guessSecretNumber.go:51.2,51.14 1 0
github.com/samiam2013/learnGo/elementary/exercise09guessSecretNumber.go:46.33,47.24 1 0
github.com/samiam2013/learnGo/elementary/exercise09guessSecretNumber.go:47.24,49.4 1 0
github.com/samiam2013/learnGo/elementary/exercise11sumSeries.go:12.19,14.41 2 0
github.com/samiam2013/learnGo/elementary/exercise11sumSeries.go:19.2,19.27 1 0
github.com/samiam2013/learnGo/elementary/exercise11sumSeries.go:14.41,18.3 2 0
github.com/samiam2013/learnGo/elementary/fizzbuzz.go:7.17,9.25 1 0
github.com/samiam2013/learnGo/elementary/fizzbuzz.go:9.25,11.15 2 0
github.com/samiam2013/learnGo/elementary/fizzbuzz.go:14.3,14.15 1 0
github.com/samiam2013/learnGo/elementary/fizzbuzz.go:17.3,17.16 1 0
github.com/samiam2013/learnGo/elementary/fizzbuzz.go:11.15,13.4 1 0
github.com/samiam2013/learnGo/elementary/fizzbuzz.go:14.15,16.4 1 0
github.com/samiam2013/learnGo/elementary/isAnagram.go:10.13,22.2 8 0
github.com/samiam2013/learnGo/elementary/isAnagram.go:24.42,30.2 5 0
github.com/samiam2013/learnGo/elementary/isAnagram.go:32.46,37.34 4 0
github.com/samiam2013/learnGo/elementary/isAnagram.go:45.2,45.34 1 0
github.com/samiam2013/learnGo/elementary/isAnagram.go:56.2,56.31 1 0
github.com/samiam2013/learnGo/elementary/isAnagram.go:63.2,63.13 1 0
github.com/samiam2013/learnGo/elementary/isAnagram.go:37.34,38.44 1 0
github.com/samiam2013/learnGo/elementary/isAnagram.go:38.44,40.4 1 0
github.com/samiam2013/learnGo/elementary/isAnagram.go:40.9,42.4 1 0
github.com/samiam2013/learnGo/elementary/isAnagram.go:45.34,46.44 1 0
github.com/samiam2013/learnGo/elementary/isAnagram.go:46.44,48.34 2 0
github.com/samiam2013/learnGo/elementary/isAnagram.go:48.34,50.5 1 0
github.com/samiam2013/learnGo/elementary/isAnagram.go:51.9,53.4 1 0
github.com/samiam2013/learnGo/elementary/isAnagram.go:56.31,57.19 1 0
github.com/samiam2013/learnGo/elementary/isAnagram.go:57.19,59.4 1 0
github.com/samiam2013/learnGo/elementary/isAnagram.go:67.45,68.16 1 0
github.com/samiam2013/learnGo/elementary/isAnagram.go:68.16,72.3 3 0
github.com/samiam2013/learnGo/elementary/isAnagram.go:75.54,79.31 4 0
github.com/samiam2013/learnGo/elementary/isAnagram.go:87.2,90.10 4 0
github.com/samiam2013/learnGo/elementary/isAnagram.go:79.31,80.23 1 0
github.com/samiam2013/learnGo/elementary/isAnagram.go:80.23,85.4 4 0
github.com/samiam2013/learnGo/elementary/exercise03bobAliceGreeting.go:6.24,10.38 4 3
github.com/samiam2013/learnGo/elementary/exercise03bobAliceGreeting.go:10.38,12.3 1 2
github.com/samiam2013/learnGo/elementary/exercise03bobAliceGreeting.go:12.8,14.3 1 1
github.com/samiam2013/learnGo/elementary/exercise04TriangleSum.go:10.20,15.16 5 2
github.com/samiam2013/learnGo/elementary/exercise04TriangleSum.go:18.2,19.45 1 2
github.com/samiam2013/learnGo/elementary/exercise04TriangleSum.go:15.16,17.3 1 0
github.com/samiam2013/learnGo/elementary/exercise04TriangleSum.go:22.36,24.16 2 3
github.com/samiam2013/learnGo/elementary/exercise04TriangleSum.go:28.2,28.12 1 3
github.com/samiam2013/learnGo/elementary/exercise04TriangleSum.go:24.16,27.3 2 123456809
github.com/samiam2013/learnGo/elementary/exercise05mod3Mod5Sum.go:11.20,16.16 5 1
github.com/samiam2013/learnGo/elementary/exercise05mod3Mod5Sum.go:19.2,20.70 2 1
github.com/samiam2013/learnGo/elementary/exercise05mod3Mod5Sum.go:16.16,18.3 1 0
github.com/samiam2013/learnGo/elementary/exercise05mod3Mod5Sum.go:23.37,25.16 2 1
github.com/samiam2013/learnGo/elementary/exercise05mod3Mod5Sum.go:31.2,31.12 1 1
github.com/samiam2013/learnGo/elementary/exercise05mod3Mod5Sum.go:25.16,26.35 1 10
github.com/samiam2013/learnGo/elementary/exercise05mod3Mod5Sum.go:29.3,29.20 1 10
github.com/samiam2013/learnGo/elementary/exercise05mod3Mod5Sum.go:26.35,28.4 1 5
github.com/samiam2013/learnGo/elementary/exercise08arbitraryLengthPrimeSieve.go:14.19,19.11 4 0
github.com/samiam2013/learnGo/elementary/exercise08arbitraryLengthPrimeSieve.go:19.11,27.40 6 0
github.com/samiam2013/learnGo/elementary/exercise08arbitraryLengthPrimeSieve.go:35.3,35.14 1 0
github.com/samiam2013/learnGo/elementary/exercise08arbitraryLengthPrimeSieve.go:38.3,38.53 1 0
github.com/samiam2013/learnGo/elementary/exercise08arbitraryLengthPrimeSieve.go:27.40,29.50 2 0
github.com/samiam2013/learnGo/elementary/exercise08arbitraryLengthPrimeSieve.go:33.4,33.50 1 0
github.com/samiam2013/learnGo/elementary/exercise08arbitraryLengthPrimeSieve.go:29.50,31.10 2 0
github.com/samiam2013/learnGo/elementary/exercise08arbitraryLengthPrimeSieve.go:35.14,37.4 1 0
github.com/samiam2013/learnGo/elementary/exercise10computeLeapYears.go:6.19,8.26 2 0
github.com/samiam2013/learnGo/elementary/exercise10computeLeapYears.go:8.26,9.45 1 0
github.com/samiam2013/learnGo/elementary/exercise10computeLeapYears.go:12.3,13.16 2 0
github.com/samiam2013/learnGo/elementary/exercise10computeLeapYears.go:9.45,11.4 1 0
github.com/samiam2013/learnGo/elementary/exercise01helloWorld.go:6.19,8.2 1 1
github.com/samiam2013/learnGo/elementary/exercise02yourNameGreeting.go:6.18,11.2 4 1
